<?xml version="1.0" encoding="UTF-8"?>
<testng-results skipped="0" failed="0" ignored="0" total="1" passed="1">
  <reporter-output>
  </reporter-output>
  <suite name="Default suite" duration-ms="61440" started-at="2018-10-30T02:59:52Z" finished-at="2018-10-30T03:00:54Z">
    <groups>
    </groups>
    <test name="Default test" duration-ms="61440" started-at="2018-10-30T02:59:52Z" finished-at="2018-10-30T03:00:54Z">
      <class name="Testcases.Loginapplication">
        <test-method status="PASS" signature="Login()[pri:0, instance:Testcases.Loginapplication@74650e52]" name="Login" duration-ms="61389" started-at="2018-10-30T02:59:52Z" finished-at="2018-10-30T03:00:54Z">
          <reporter-output>
          </reporter-output>
        </test-method> <!-- Login -->
      </class> <!-- Testcases.Loginapplication -->
    </test> <!-- Default test -->
  </suite> <!-- Default suite -->
</testng-results>
